<?xml version="1.0" encoding="UTF-8"?>
<!-- Generated by org.testng.reporters.JUnitReportReporter -->
<testsuite hostname="DESKTOP-14N1F2H" failures="0" tests="2" name="com.pro.testcases.TestDataDriven" time="1.851" errors="0" timestamp="2024-04-04T22:00:38 EDT" skipped="0">
  <testcase classname="com.pro.testcases.TestDataDriven" name="VerifyLogin" time="1.476"/>
  <system-out/>
  <testcase classname="com.pro.testcases.TestDataDriven" name="VerifyLogin" time="0.375"/>
  <system-out/>
</testsuite> <!-- com.pro.testcases.TestDataDriven -->
