<?xml version="1.0" encoding="UTF-8"?>
<!-- Generated by org.testng.reporters.JUnitReportReporter -->
<testsuite hostname="DESKTOP-14N1F2H" failures="0" tests="1" name="com.pro.testcases.LoginTest" time="3.757" errors="0" timestamp="2024-04-05T04:48:41 EDT" skipped="0">
  <testcase classname="com.pro.testcases.LoginTest" name="VerifyLogin" time="3.757"/>
  <system-out/>
</testsuite> <!-- com.pro.testcases.LoginTest -->
