<?xml version="1.0" encoding="UTF-8"?>
<!-- Generated by org.testng.reporters.JUnitReportReporter -->
<testsuite hostname="DESKTOP-14N1F2H" failures="0" tests="1" name="com.pro.testcases.AddtoCartTest" time="5.320" errors="0" timestamp="2024-04-04T22:00:38 EDT" skipped="0">
  <testcase classname="com.pro.testcases.AddtoCartTest" name="addToCart" time="5.320"/>
  <system-out/>
</testsuite> <!-- com.pro.testcases.AddtoCartTest -->
